0 info it worked if it ends with ok
1 verbose cli [ '/home/thodges/.nvm/versions/node/v5.0.0/bin/node',
1 verbose cli   '/home/thodges/.nvm/versions/node/v5.0.0/bin/npm',
1 verbose cli   'start' ]
2 info using npm@3.3.6
3 info using node@v5.0.0
4 verbose run-script [ 'prestart', 'start', 'poststart' ]
5 info lifecycle react-app-boilerplate@0.1.4~prestart: react-app-boilerplate@0.1.4
6 silly lifecycle react-app-boilerplate@0.1.4~prestart: no script for prestart, continuing
7 info lifecycle react-app-boilerplate@0.1.4~start: react-app-boilerplate@0.1.4
8 verbose lifecycle react-app-boilerplate@0.1.4~start: unsafe-perm in lifecycle true
9 verbose lifecycle react-app-boilerplate@0.1.4~start: PATH: /home/thodges/.nvm/versions/node/v5.0.0/lib/node_modules/npm/bin/node-gyp-bin:/home/thodges/react/KanbanClone/node_modules/.bin:/home/thodges/.nvm/versions/node/v5.0.0/bin:/usr/local/heroku/bin:/home/thodges/.rvm/gems/ruby-2.3.0/bin:/home/thodges/.rvm/gems/ruby-2.3.0@global/bin:/home/thodges/.rvm/rubies/ruby-2.3.0/bin:/usr/local/sbin:/usr/local/bin:/usr/sbin:/usr/bin:/sbin:/bin:/usr/games:/usr/local/games:/home/thodges/.rvm/bin:/home/thodges/.rvm/bin:/home/thodges/.rvm/bin:/home/thodges/.rvm/bin
10 verbose lifecycle react-app-boilerplate@0.1.4~start: CWD: /home/thodges/react/KanbanClone
11 silly lifecycle react-app-boilerplate@0.1.4~start: Args: [ '-c', 'webpack-dev-server --progress' ]
12 silly lifecycle react-app-boilerplate@0.1.4~start: Returned: code: 1  signal: null
13 info lifecycle react-app-boilerplate@0.1.4~start: Failed to exec start script
14 verbose stack Error: react-app-boilerplate@0.1.4 start: `webpack-dev-server --progress`
14 verbose stack Exit status 1
14 verbose stack     at EventEmitter.<anonymous> (/home/thodges/.nvm/versions/node/v5.0.0/lib/node_modules/npm/lib/utils/lifecycle.js:233:16)
14 verbose stack     at emitTwo (events.js:87:13)
14 verbose stack     at EventEmitter.emit (events.js:172:7)
14 verbose stack     at ChildProcess.<anonymous> (/home/thodges/.nvm/versions/node/v5.0.0/lib/node_modules/npm/lib/utils/spawn.js:24:14)
14 verbose stack     at emitTwo (events.js:87:13)
14 verbose stack     at ChildProcess.emit (events.js:172:7)
14 verbose stack     at maybeClose (internal/child_process.js:818:16)
14 verbose stack     at Process.ChildProcess._handle.onexit (internal/child_process.js:211:5)
15 verbose pkgid react-app-boilerplate@0.1.4
16 verbose cwd /home/thodges/react/KanbanClone
17 error Linux 3.19.0-61-generic
18 error argv "/home/thodges/.nvm/versions/node/v5.0.0/bin/node" "/home/thodges/.nvm/versions/node/v5.0.0/bin/npm" "start"
19 error node v5.0.0
20 error npm  v3.3.6
21 error code ELIFECYCLE
22 error react-app-boilerplate@0.1.4 start: `webpack-dev-server --progress`
22 error Exit status 1
23 error Failed at the react-app-boilerplate@0.1.4 start script 'webpack-dev-server --progress'.
23 error This is most likely a problem with the react-app-boilerplate package,
23 error not with npm itself.
23 error Tell the author that this fails on your system:
23 error     webpack-dev-server --progress
23 error You can get their info via:
23 error     npm owner ls react-app-boilerplate
23 error There is likely additional logging output above.
24 verbose exit [ 1, true ]
